<?xml version="1.0" encoding="UTF-8"?>
<testsuite name="JUnit Jupiter" tests="142" skipped="0" failures="0" errors="0" time="4.803" hostname="expiravit" timestamp="2017-08-03T22:08:43">
<properties>
[...]
</properties>
<testcase name="getOutboundTwitchMessages()" classname="com.domhauton.wanbot.bot.view.cli.executors.BotCommandResultTest" time="0.006">
<system-out><![CDATA[
unique-id: [engine:junit-jupiter]/[class:com.domhauton.wanbot.bot.view.cli.executors.BotCommandResultTest]/[method:getOutboundTwitchMessages()]
display-name: getOutboundTwitchMessages()
]]></system-out>
</testcase>
<testcase name="getCommandExecutionMessage()" classname="com.domhauton.wanbot.bot.view.cli.executors.BotCommandResultTest" time="0">
<system-out><![CDATA[
unique-id: [engine:junit-jupiter]/[class:com.domhauton.wanbot.bot.view.cli.executors.BotCommandResultTest]/[method:getCommandExecutionMessage()]
display-name: getCommandExecutionMessage()
]]></system-out>
</testcase>
<testcase name="executeCommandTwoArgsFail()" classname="com.domhauton.wanbot.bot.view.cli.executors.BlacklistModifierTest" time="0.253">
<system-out><![CDATA[
unique-id: [engine:junit-jupiter]/[class:com.domhauton.wanbot.bot.view.cli.executors.BlacklistModifierTest]/[method:executeCommandTwoArgsFail()]
display-name: executeCommandTwoArgsFail()
]]></system-out>
</testcase>
<testcase name="executeCommandMessageAdditionNoRetroactiveRemovalTest()" classname="com.domhauton.wanbot.bot.view.cli.executors.BlacklistModifierTest" time="0.006">
<system-out><![CDATA[
unique-id: [engine:junit-jupiter]/[class:com.domhauton.wanbot.bot.view.cli.executors.BlacklistModifierTest]/[method:executeCommandMessageAdditionNoRetroactiveRemovalTest()]
display-name: executeCommandMessageAdditionNoRetroactiveRemovalTest()
]]></system-out>
</testcase>
<testcase name="executeCommandRemoveRegexFailTest()" classname="com.domhauton.wanbot.bot.view.cli.executors.BlacklistModifierTest" time="0.008">
<system-out><![CDATA[
unique-id: [engine:junit-jupiter]/[class:com.domhauton.wanbot.bot.view.cli.executors.BlacklistModifierTest]/[method:executeCommandRemoveRegexFailTest()]
display-name: executeCommandRemoveRegexFailTest()
]]></system-out>
</testcase>
<testcase name="extractBlackListTypeSimpleEmptyTest()" classname="com.domhauton.wanbot.bot.view.cli.executors.BlacklistModifierTest" time="0">
<system-out><![CDATA[
unique-id: [engine:junit-jupiter]/[class:com.domhauton.wanbot.bot.view.cli.executors.BlacklistModifierTest]/[method:extractBlackListTypeSimpleEmptyTest()]
display-name: extractBlackListTypeSimpleEmptyTest()
]]></system-out>
</testcase>
<testcase name="extractBlackListTypeSimpleWordTest()" classname="com.domhauton.wanbot.bot.view.cli.executors.BlacklistModifierTest" time="0">
<system-out><![CDATA[
unique-id: [engine:junit-jupiter]/[class:com.domhauton.wanbot.bot.view.cli.executors.BlacklistModifierTest]/[method:extractBlackListTypeSimpleWordTest()]
display-name: extractBlackListTypeSimpleWordTest()
]]></system-out>
</testcase>
<testcase name="executeCommandRemoveRegexTest()" classname="com.domhauton.wanbot.bot.view.cli.executors.BlacklistModifierTest" time="0.015">
<system-out><![CDATA[
unique-id: [engine:junit-jupiter]/[class:com.domhauton.wanbot.bot.view.cli.executors.BlacklistModifierTest]/[method:executeCommandRemoveRegexTest()]
display-name: executeCommandRemoveRegexTest()
]]></system-out>
</testcase>
<testcase name="executeCommandMultiFlagAddition1Test()" classname="com.domhauton.wanbot.bot.view.cli.executors.BlacklistModifierTest" time="0.001">
<system-out><![CDATA[
unique-id: [engine:junit-jupiter]/[class:com.domhauton.wanbot.bot.view.cli.executors.BlacklistModifierTest]/[method:executeCommandMultiFlagAddition1Test()]
display-name: executeCommandMultiFlagAddition1Test()
]]></system-out>
</testcase>
<testcase name="executeCommandMultiFlagAddition2Test()" classname="com.domhauton.wanbot.bot.view.cli.executors.BlacklistModifierTest" time="0">
<system-out><![CDATA[
unique-id: [engine:junit-jupiter]/[class:com.domhauton.wanbot.bot.view.cli.executors.BlacklistModifierTest]/[method:executeCommandMultiFlagAddition2Test()]
display-name: executeCommandMultiFlagAddition2Test()
]]></system-out>
</testcase>
<testcase name="executeCommandSimpleWordDoubleAdditionTest()" classname="com.domhauton.wanbot.bot.view.cli.executors.BlacklistModifierTest" time="0.002">
<system-out><![CDATA[
unique-id: [engine:junit-jupiter]/[class:com.domhauton.wanbot.bot.view.cli.executors.BlacklistModifierTest]/[method:executeCommandSimpleWordDoubleAdditionTest()]
display-name: executeCommandSimpleWordDoubleAdditionTest()
]]></system-out>
</testcase>
<testcase name="executeCommandSimpleRegexAdditionTest()" classname="com.domhauton.wanbot.bot.view.cli.executors.BlacklistModifierTest" time="0.002">
<system-out><![CDATA[
unique-id: [engine:junit-jupiter]/[class:com.domhauton.wanbot.bot.view.cli.executors.BlacklistModifierTest]/[method:executeCommandSimpleRegexAdditionTest()]
display-name: executeCommandSimpleRegexAdditionTest()
]]></system-out>
</testcase>
<testcase name="extractBlackListTypeIrrelevantFlagTest()" classname="com.domhauton.wanbot.bot.view.cli.executors.BlacklistModifierTest" time="0">
<system-out><![CDATA[
unique-id: [engine:junit-jupiter]/[class:com.domhauton.wanbot.bot.view.cli.executors.BlacklistModifierTest]/[method:extractBlackListTypeIrrelevantFlagTest()]
display-name: extractBlackListTypeIrrelevantFlagTest()
]]></system-out>
</testcase>
<testcase name="executeCommandSimpleWordAdditionTest()" classname="com.domhauton.wanbot.bot.view.cli.executors.BlacklistModifierTest" time="0.001">
<system-out><![CDATA[
unique-id: [engine:junit-jupiter]/[class:com.domhauton.wanbot.bot.view.cli.executors.BlacklistModifierTest]/[method:executeCommandSimpleWordAdditionTest()]
display-name: executeCommandSimpleWordAdditionTest()
]]></system-out>
</testcase>
<testcase name="executeCommandMessageRemovalFuzzyTestFail()" classname="com.domhauton.wanbot.bot.view.cli.executors.BlacklistModifierTest" time="0.005">
<system-out><![CDATA[
unique-id: [engine:junit-jupiter]/[class:com.domhauton.wanbot.bot.view.cli.executors.BlacklistModifierTest]/[method:executeCommandMessageRemovalFuzzyTestFail()]
display-name: executeCommandMessageRemovalFuzzyTestFail()
]]></system-out>
</testcase>
<testcase name="extractBlackListTypeSimpleRegexTest()" classname="com.domhauton.wanbot.bot.view.cli.executors.BlacklistModifierTest" time="0">
<system-out><![CDATA[
unique-id: [engine:junit-jupiter]/[class:com.domhauton.wanbot.bot.view.cli.executors.BlacklistModifierTest]/[method:extractBlackListTypeSimpleRegexTest()]
display-name: extractBlackListTypeSimpleRegexTest()
]]></system-out>
</testcase>
<testcase name="executeCommandSimpleDefaultWordAdditionTest()" classname="com.domhauton.wanbot.bot.view.cli.executors.BlacklistModifierTest" time="0.001">
<system-out><![CDATA[
unique-id: [engine:junit-jupiter]/[class:com.domhauton.wanbot.bot.view.cli.executors.BlacklistModifierTest]/[method:executeCommandSimpleDefaultWordAdditionTest()]
display-name: executeCommandSimpleDefaultWordAdditionTest()
]]></system-out>
</testcase>
<testcase name="executeCommandMessageAdditionRetroactiveRemovalTest()" classname="com.domhauton.wanbot.bot.view.cli.executors.BlacklistModifierTest" time="0.001">
<system-out><![CDATA[
unique-id: [engine:junit-jupiter]/[class:com.domhauton.wanbot.bot.view.cli.executors.BlacklistModifierTest]/[method:executeCommandMessageAdditionRetroactiveRemovalTest()]
display-name: executeCommandMessageAdditionRetroactiveRemovalTest()
]]></system-out>
</testcase>
<testcase name="executeCommandEmptyArgsFail()" classname="com.domhauton.wanbot.bot.view.cli.executors.BlacklistModifierTest" time="0">
<system-out><![CDATA[
unique-id: [engine:junit-jupiter]/[class:com.domhauton.wanbot.bot.view.cli.executors.BlacklistModifierTest]/[method:executeCommandEmptyArgsFail()]
display-name: executeCommandEmptyArgsFail()
]]></system-out>
</testcase>
<testcase name="executeCommandMessageRemovalFuzzyTest()" classname="com.domhauton.wanbot.bot.view.cli.executors.BlacklistModifierTest" time="0.002">
<system-out><![CDATA[
unique-id: [engine:junit-jupiter]/[class:com.domhauton.wanbot.bot.view.cli.executors.BlacklistModifierTest]/[method:executeCommandMessageRemovalFuzzyTest()]
display-name: executeCommandMessageRemovalFuzzyTest()
]]></system-out>
</testcase>
<testcase name="executeCommandNonRetroWordDoubleAdditionTest()" classname="com.domhauton.wanbot.bot.view.cli.executors.BlacklistModifierTest" time="0.002">
<system-out><![CDATA[
unique-id: [engine:junit-jupiter]/[class:com.domhauton.wanbot.bot.view.cli.executors.BlacklistModifierTest]/[method:executeCommandNonRetroWordDoubleAdditionTest()]
display-name: executeCommandNonRetroWordDoubleAdditionTest()
]]></system-out>
</testcase>
<testcase name="extractBlackListTypeSimpleDoubleTest()" classname="com.domhauton.wanbot.bot.view.cli.executors.BlacklistModifierTest" time="0">
<system-out><![CDATA[
unique-id: [engine:junit-jupiter]/[class:com.domhauton.wanbot.bot.view.cli.executors.BlacklistModifierTest]/[method:extractBlackListTypeSimpleDoubleTest()]
display-name: extractBlackListTypeSimpleDoubleTest()
]]></system-out>
</testcase>
<testcase name="extractBlackListTypeSimpleMessageTest()" classname="com.domhauton.wanbot.bot.view.cli.executors.BlacklistModifierTest" time="0">
<system-out><![CDATA[
unique-id: [engine:junit-jupiter]/[class:com.domhauton.wanbot.bot.view.cli.executors.BlacklistModifierTest]/[method:extractBlackListTypeSimpleMessageTest()]
display-name: extractBlackListTypeSimpleMessageTest()
]]></system-out>
</testcase>
<testcase name="executeCommandSimpleMessageAdditionTest()" classname="com.domhauton.wanbot.bot.view.cli.executors.BlacklistModifierTest" time="0.001">
<system-out><![CDATA[
unique-id: [engine:junit-jupiter]/[class:com.domhauton.wanbot.bot.view.cli.executors.BlacklistModifierTest]/[method:executeCommandSimpleMessageAdditionTest()]
display-name: executeCommandSimpleMessageAdditionTest()
]]></system-out>
</testcase>
<testcase name="splitCommandMultiWhitespaceTest()" classname="com.domhauton.wanbot.bot.view.cli.BotCommandManagerTest" time="0.005">
<system-out><![CDATA[
unique-id: [engine:junit-jupiter]/[class:com.domhauton.wanbot.bot.view.cli.BotCommandManagerTest]/[method:splitCommandMultiWhitespaceTest()]
display-name: splitCommandMultiWhitespaceTest()
]]></system-out>
</testcase>
<testcase name="splitCommandFailedEscapeTest()" classname="com.domhauton.wanbot.bot.view.cli.BotCommandManagerTest" time="0.001">
<system-out><![CDATA[
unique-id: [engine:junit-jupiter]/[class:com.domhauton.wanbot.bot.view.cli.BotCommandManagerTest]/[method:splitCommandFailedEscapeTest()]
display-name: splitCommandFailedEscapeTest()
]]></system-out>
</testcase>
<testcase name="splitCommandEmptyQuoteTest()" classname="com.domhauton.wanbot.bot.view.cli.BotCommandManagerTest" time="0.001">
<system-out><![CDATA[
unique-id: [engine:junit-jupiter]/[class:com.domhauton.wanbot.bot.view.cli.BotCommandManagerTest]/[method:splitCommandEmptyQuoteTest()]
display-name: splitCommandEmptyQuoteTest()
]]></system-out>
</testcase>
<testcase name="splitCommandEscapedEscapeTest()" classname="com.domhauton.wanbot.bot.view.cli.BotCommandManagerTest" time="0">
<system-out><![CDATA[
unique-id: [engine:junit-jupiter]/[class:com.domhauton.wanbot.bot.view.cli.BotCommandManagerTest]/[method:splitCommandEscapedEscapeTest()]
display-name: splitCommandEscapedEscapeTest()
]]></system-out>
</testcase>
<testcase name="splitCommandEmptyTest()" classname="com.domhauton.wanbot.bot.view.cli.BotCommandManagerTest" time="0">
<system-out><![CDATA[
unique-id: [engine:junit-jupiter]/[class:com.domhauton.wanbot.bot.view.cli.BotCommandManagerTest]/[method:splitCommandEmptyTest()]
display-name: splitCommandEmptyTest()
]]></system-out>
</testcase>
<testcase name="splitCommandEscapedQuotesTest()" classname="com.domhauton.wanbot.bot.view.cli.BotCommandManagerTest" time="0.001">
<system-out><![CDATA[
unique-id: [engine:junit-jupiter]/[class:com.domhauton.wanbot.bot.view.cli.BotCommandManagerTest]/[method:splitCommandEscapedQuotesTest()]
display-name: splitCommandEscapedQuotesTest()
]]></system-out>
</testcase>
<testcase name="splitCommandSimpleQuotesTest()" classname="com.domhauton.wanbot.bot.view.cli.BotCommandManagerTest" time="0">
<system-out><![CDATA[
unique-id: [engine:junit-jupiter]/[class:com.domhauton.wanbot.bot.view.cli.BotCommandManagerTest]/[method:splitCommandSimpleQuotesTest()]
display-name: splitCommandSimpleQuotesTest()
]]></system-out>
</testcase>
<testcase name="splitCommandWhitespaceTest()" classname="com.domhauton.wanbot.bot.view.cli.BotCommandManagerTest" time="0">
<system-out><![CDATA[
unique-id: [engine:junit-jupiter]/[class:com.domhauton.wanbot.bot.view.cli.BotCommandManagerTest]/[method:splitCommandWhitespaceTest()]
display-name: splitCommandWhitespaceTest()
]]></system-out>
</testcase>
<testcase name="splitCommandSimpleTest()" classname="com.domhauton.wanbot.bot.view.cli.BotCommandManagerTest" time="0.001">
<system-out><![CDATA[
unique-id: [engine:junit-jupiter]/[class:com.domhauton.wanbot.bot.view.cli.BotCommandManagerTest]/[method:splitCommandSimpleTest()]
display-name: splitCommandSimpleTest()
]]></system-out>
</testcase>
<testcase name="testMessageAddition()" classname="com.domhauton.wanbot.bot.channel.message.TwitchMessageEvictingQueueTest" time="0.005">
<system-out><![CDATA[
unique-id: [engine:junit-jupiter]/[class:com.domhauton.wanbot.bot.channel.message.TwitchMessageEvictingQueueTest]/[method:testMessageAddition()]
display-name: testMessageAddition()
]]></system-out>
</testcase>
<testcase name="testMessageRemoval()" classname="com.domhauton.wanbot.bot.channel.message.TwitchMessageEvictingQueueTest" time="0.001">
<system-out><![CDATA[
unique-id: [engine:junit-jupiter]/[class:com.domhauton.wanbot.bot.channel.message.TwitchMessageEvictingQueueTest]/[method:testMessageRemoval()]
display-name: testMessageRemoval()
]]></system-out>
</testcase>
<testcase name="getMostRecentMessageSimpleTest()" classname="com.domhauton.wanbot.bot.channel.message.TwitchMessageEvictingQueueTest" time="0.001">
<system-out><![CDATA[
unique-id: [engine:junit-jupiter]/[class:com.domhauton.wanbot.bot.channel.message.TwitchMessageEvictingQueueTest]/[method:getMostRecentMessageSimpleTest()]
display-name: getMostRecentMessageSimpleTest()
]]></system-out>
</testcase>
<testcase name="getMostRecentMessageEmptyTest()" classname="com.domhauton.wanbot.bot.channel.message.TwitchMessageEvictingQueueTest" time="0">
<system-out><![CDATA[
unique-id: [engine:junit-jupiter]/[class:com.domhauton.wanbot.bot.channel.message.TwitchMessageEvictingQueueTest]/[method:getMostRecentMessageEmptyTest()]
display-name: getMostRecentMessageEmptyTest()
]]></system-out>
</testcase>
<testcase name="addFirstMessageAndGetSnapshotTest()" classname="com.domhauton.wanbot.bot.channel.message.MessageManagerTest" time="0.001">
<system-out><![CDATA[
unique-id: [engine:junit-jupiter]/[class:com.domhauton.wanbot.bot.channel.message.MessageManagerTest]/[method:addFirstMessageAndGetSnapshotTest()]
display-name: addFirstMessageAndGetSnapshotTest()
]]></system-out>
</testcase>
<testcase name="addFirstFourMessagesAndGetUserSnapshotTest()" classname="com.domhauton.wanbot.bot.channel.message.MessageManagerTest" time="0.001">
<system-out><![CDATA[
unique-id: [engine:junit-jupiter]/[class:com.domhauton.wanbot.bot.channel.message.MessageManagerTest]/[method:addFirstFourMessagesAndGetUserSnapshotTest()]
display-name: addFirstFourMessagesAndGetUserSnapshotTest()
]]></system-out>
</testcase>
<testcase name="extractMessagesForEmptyUserTest()" classname="com.domhauton.wanbot.bot.channel.message.MessageManagerTest" time="0.001">
<system-out><![CDATA[
unique-id: [engine:junit-jupiter]/[class:com.domhauton.wanbot.bot.channel.message.MessageManagerTest]/[method:extractMessagesForEmptyUserTest()]
display-name: extractMessagesForEmptyUserTest()
]]></system-out>
</testcase>
<testcase name="extractMessagesForEmptyChannelSnapshot()" classname="com.domhauton.wanbot.bot.channel.message.MessageManagerTest" time="0">
<system-out><![CDATA[
unique-id: [engine:junit-jupiter]/[class:com.domhauton.wanbot.bot.channel.message.MessageManagerTest]/[method:extractMessagesForEmptyChannelSnapshot()]
display-name: extractMessagesForEmptyChannelSnapshot()
]]></system-out>
</testcase>
<testcase name="addFirstFourMessagesAndGetSnapshotTest()" classname="com.domhauton.wanbot.bot.channel.message.MessageManagerTest" time="0">
<system-out><![CDATA[
unique-id: [engine:junit-jupiter]/[class:com.domhauton.wanbot.bot.channel.message.MessageManagerTest]/[method:addFirstFourMessagesAndGetSnapshotTest()]
display-name: addFirstFourMessagesAndGetSnapshotTest()
]]></system-out>
</testcase>
<testcase name="overflowBufferTest()" classname="com.domhauton.wanbot.bot.channel.message.MessageManagerTest" time="0">
<system-out><![CDATA[
unique-id: [engine:junit-jupiter]/[class:com.domhauton.wanbot.bot.channel.message.MessageManagerTest]/[method:overflowBufferTest()]
display-name: overflowBufferTest()
]]></system-out>
</testcase>
<testcase name="getLegalCharRatio()" classname="com.domhauton.wanbot.bot.channel.message.TwitchMessageTest" time="0">
<system-out><![CDATA[
unique-id: [engine:junit-jupiter]/[class:com.domhauton.wanbot.bot.channel.message.TwitchMessageTest]/[method:getLegalCharRatio()]
display-name: getLegalCharRatio()
]]></system-out>
</testcase>
<testcase name="equalityTest()" classname="com.domhauton.wanbot.bot.channel.message.TwitchMessageTest" time="0">
<system-out><![CDATA[
unique-id: [engine:junit-jupiter]/[class:com.domhauton.wanbot.bot.channel.message.TwitchMessageTest]/[method:equalityTest()]
display-name: equalityTest()
]]></system-out>
</testcase>
<testcase name="getMessagePayload()" classname="com.domhauton.wanbot.bot.channel.message.TwitchMessageTest" time="0">
<system-out><![CDATA[
unique-id: [engine:junit-jupiter]/[class:com.domhauton.wanbot.bot.channel.message.TwitchMessageTest]/[method:getMessagePayload()]
display-name: getMessagePayload()
]]></system-out>
</testcase>
<testcase name="equalsSimplePayload()" classname="com.domhauton.wanbot.bot.channel.message.TwitchMessageTest" time="0.001">
<system-out><![CDATA[
unique-id: [engine:junit-jupiter]/[class:com.domhauton.wanbot.bot.channel.message.TwitchMessageTest]/[method:equalsSimplePayload()]
display-name: equalsSimplePayload()
]]></system-out>
</testcase>
<testcase name="toStringTest()" classname="com.domhauton.wanbot.bot.channel.message.TwitchMessageTest" time="0.009">
<system-out><![CDATA[
unique-id: [engine:junit-jupiter]/[class:com.domhauton.wanbot.bot.channel.message.TwitchMessageTest]/[method:toStringTest()]
display-name: toStringTest()
]]></system-out>
</testcase>
<testcase name="getSender()" classname="com.domhauton.wanbot.bot.channel.message.TwitchMessageTest" time="0">
<system-out><![CDATA[
unique-id: [engine:junit-jupiter]/[class:com.domhauton.wanbot.bot.channel.message.TwitchMessageTest]/[method:getSender()]
display-name: getSender()
]]></system-out>
</testcase>
<testcase name="hashCodeTest()" classname="com.domhauton.wanbot.bot.channel.message.TwitchMessageTest" time="0">
<system-out><![CDATA[
unique-id: [engine:junit-jupiter]/[class:com.domhauton.wanbot.bot.channel.message.TwitchMessageTest]/[method:hashCodeTest()]
display-name: hashCodeTest()
]]></system-out>
</testcase>
<testcase name="containsStringTest()" classname="com.domhauton.wanbot.bot.channel.message.TwitchMessageTest" time="0">
<system-out><![CDATA[
unique-id: [engine:junit-jupiter]/[class:com.domhauton.wanbot.bot.channel.message.TwitchMessageTest]/[method:containsStringTest()]
display-name: containsStringTest()
]]></system-out>
</testcase>
<testcase name="getSimpleMessagePayload()" classname="com.domhauton.wanbot.bot.channel.message.TwitchMessageTest" time="0">
<system-out><![CDATA[
unique-id: [engine:junit-jupiter]/[class:com.domhauton.wanbot.bot.channel.message.TwitchMessageTest]/[method:getSimpleMessagePayload()]
display-name: getSimpleMessagePayload()
]]></system-out>
</testcase>
<testcase name="getMessageDateTime()" classname="com.domhauton.wanbot.bot.channel.message.TwitchMessageTest" time="0">
<system-out><![CDATA[
unique-id: [engine:junit-jupiter]/[class:com.domhauton.wanbot.bot.channel.message.TwitchMessageTest]/[method:getMessageDateTime()]
display-name: getMessageDateTime()
]]></system-out>
</testcase>
<testcase name="containsSimplePayloadTrueUpperCaseAndSpace()" classname="com.domhauton.wanbot.bot.channel.message.ImmutableTwitchMessageListTest" time="0.001">
<system-out><![CDATA[
unique-id: [engine:junit-jupiter]/[class:com.domhauton.wanbot.bot.channel.message.ImmutableTwitchMessageListTest]/[method:containsSimplePayloadTrueUpperCaseAndSpace()]
display-name: containsSimplePayloadTrueUpperCaseAndSpace()
]]></system-out>
</testcase>
<testcase name="testSize()" classname="com.domhauton.wanbot.bot.channel.message.ImmutableTwitchMessageListTest" time="0">
<system-out><![CDATA[
unique-id: [engine:junit-jupiter]/[class:com.domhauton.wanbot.bot.channel.message.ImmutableTwitchMessageListTest]/[method:testSize()]
display-name: testSize()
]]></system-out>
</testcase>
<testcase name="testToString()" classname="com.domhauton.wanbot.bot.channel.message.ImmutableTwitchMessageListTest" time="0.001">
<system-out><![CDATA[
unique-id: [engine:junit-jupiter]/[class:com.domhauton.wanbot.bot.channel.message.ImmutableTwitchMessageListTest]/[method:testToString()]
display-name: testToString()
]]></system-out>
</testcase>
<testcase name="stream()" classname="com.domhauton.wanbot.bot.channel.message.ImmutableTwitchMessageListTest" time="0">
<system-out><![CDATA[
unique-id: [engine:junit-jupiter]/[class:com.domhauton.wanbot.bot.channel.message.ImmutableTwitchMessageListTest]/[method:stream()]
display-name: stream()
]]></system-out>
</testcase>
<testcase name="containsSimplePayloadTrueUpperCase()" classname="com.domhauton.wanbot.bot.channel.message.ImmutableTwitchMessageListTest" time="0">
<system-out><![CDATA[
unique-id: [engine:junit-jupiter]/[class:com.domhauton.wanbot.bot.channel.message.ImmutableTwitchMessageListTest]/[method:containsSimplePayloadTrueUpperCase()]
display-name: containsSimplePayloadTrueUpperCase()
]]></system-out>
</testcase>
<testcase name="testImmutableMessageListGivenNull()" classname="com.domhauton.wanbot.bot.channel.message.ImmutableTwitchMessageListTest" time="0.001">
<system-out><![CDATA[
unique-id: [engine:junit-jupiter]/[class:com.domhauton.wanbot.bot.channel.message.ImmutableTwitchMessageListTest]/[method:testImmutableMessageListGivenNull()]
display-name: testImmutableMessageListGivenNull()
]]></system-out>
</testcase>
<testcase name="testTimeSpanTwoMessages()" classname="com.domhauton.wanbot.bot.channel.message.ImmutableTwitchMessageListTest" time="0.008">
<system-out><![CDATA[
unique-id: [engine:junit-jupiter]/[class:com.domhauton.wanbot.bot.channel.message.ImmutableTwitchMessageListTest]/[method:testTimeSpanTwoMessages()]
display-name: testTimeSpanTwoMessages()
]]></system-out>
</testcase>
<testcase name="containsSimplePayloadTrueSimple()" classname="com.domhauton.wanbot.bot.channel.message.ImmutableTwitchMessageListTest" time="0">
<system-out><![CDATA[
unique-id: [engine:junit-jupiter]/[class:com.domhauton.wanbot.bot.channel.message.ImmutableTwitchMessageListTest]/[method:containsSimplePayloadTrueSimple()]
display-name: containsSimplePayloadTrueSimple()
]]></system-out>
</testcase>
<testcase name="containsSimplePayloadTrueSpaces()" classname="com.domhauton.wanbot.bot.channel.message.ImmutableTwitchMessageListTest" time="0.001">
<system-out><![CDATA[
unique-id: [engine:junit-jupiter]/[class:com.domhauton.wanbot.bot.channel.message.ImmutableTwitchMessageListTest]/[method:containsSimplePayloadTrueSpaces()]
display-name: containsSimplePayloadTrueSpaces()
]]></system-out>
</testcase>
<testcase name="containsSimplePayloadFalse()" classname="com.domhauton.wanbot.bot.channel.message.ImmutableTwitchMessageListTest" time="0">
<system-out><![CDATA[
unique-id: [engine:junit-jupiter]/[class:com.domhauton.wanbot.bot.channel.message.ImmutableTwitchMessageListTest]/[method:containsSimplePayloadFalse()]
display-name: containsSimplePayloadFalse()
]]></system-out>
</testcase>
<testcase name="testTimeSpanThreeMessages()" classname="com.domhauton.wanbot.bot.channel.message.ImmutableTwitchMessageListTest" time="0">
<system-out><![CDATA[
unique-id: [engine:junit-jupiter]/[class:com.domhauton.wanbot.bot.channel.message.ImmutableTwitchMessageListTest]/[method:testTimeSpanThreeMessages()]
display-name: testTimeSpanThreeMessages()
]]></system-out>
</testcase>
<testcase name="hashCodeTest()" classname="com.domhauton.wanbot.bot.channel.message.ImmutableTwitchMessageListTest" time="0.001">
<system-out><![CDATA[
unique-id: [engine:junit-jupiter]/[class:com.domhauton.wanbot.bot.channel.message.ImmutableTwitchMessageListTest]/[method:hashCodeTest()]
display-name: hashCodeTest()
]]></system-out>
</testcase>
<testcase name="testUserFilteringRemoveAll()" classname="com.domhauton.wanbot.bot.channel.message.ImmutableTwitchMessageListTest" time="0">
<system-out><![CDATA[
unique-id: [engine:junit-jupiter]/[class:com.domhauton.wanbot.bot.channel.message.ImmutableTwitchMessageListTest]/[method:testUserFilteringRemoveAll()]
display-name: testUserFilteringRemoveAll()
]]></system-out>
</testcase>
<testcase name="testTimeSpanNoMessages()" classname="com.domhauton.wanbot.bot.channel.message.ImmutableTwitchMessageListTest" time="0">
<system-out><![CDATA[
unique-id: [engine:junit-jupiter]/[class:com.domhauton.wanbot.bot.channel.message.ImmutableTwitchMessageListTest]/[method:testTimeSpanNoMessages()]
display-name: testTimeSpanNoMessages()
]]></system-out>
</testcase>
<testcase name="testUserFilteringRemoveHalf()" classname="com.domhauton.wanbot.bot.channel.message.ImmutableTwitchMessageListTest" time="0">
<system-out><![CDATA[
unique-id: [engine:junit-jupiter]/[class:com.domhauton.wanbot.bot.channel.message.ImmutableTwitchMessageListTest]/[method:testUserFilteringRemoveHalf()]
display-name: testUserFilteringRemoveHalf()
]]></system-out>
</testcase>
<testcase name="testUserFilteringRemoveNone()" classname="com.domhauton.wanbot.bot.channel.message.ImmutableTwitchMessageListTest" time="0">
<system-out><![CDATA[
unique-id: [engine:junit-jupiter]/[class:com.domhauton.wanbot.bot.channel.message.ImmutableTwitchMessageListTest]/[method:testUserFilteringRemoveNone()]
display-name: testUserFilteringRemoveNone()
]]></system-out>
</testcase>
<testcase name="unauthorizedForActionOfPermissionLevelGreaterThan()" classname="com.domhauton.wanbot.bot.channel.permissions.UserPermissionTest" time="0">
<system-out><![CDATA[
unique-id: [engine:junit-jupiter]/[class:com.domhauton.wanbot.bot.channel.permissions.UserPermissionTest]/[method:unauthorizedForActionOfPermissionLevelGreaterThan()]
display-name: unauthorizedForActionOfPermissionLevelGreaterThan()
]]></system-out>
</testcase>
<testcase name="authorizedForActionOfPermissionLevelLessThan()" classname="com.domhauton.wanbot.bot.channel.permissions.UserPermissionTest" time="0">
<system-out><![CDATA[
unique-id: [engine:junit-jupiter]/[class:com.domhauton.wanbot.bot.channel.permissions.UserPermissionTest]/[method:authorizedForActionOfPermissionLevelLessThan()]
display-name: authorizedForActionOfPermissionLevelLessThan()
]]></system-out>
</testcase>
<testcase name="authorizedForActionOfPermissionLevelEqualTo()" classname="com.domhauton.wanbot.bot.channel.permissions.UserPermissionTest" time="0">
<system-out><![CDATA[
unique-id: [engine:junit-jupiter]/[class:com.domhauton.wanbot.bot.channel.permissions.UserPermissionTest]/[method:authorizedForActionOfPermissionLevelEqualTo()]
display-name: authorizedForActionOfPermissionLevelEqualTo()
]]></system-out>
</testcase>
<testcase name="addAndRetrieveMultipleUsersTest()" classname="com.domhauton.wanbot.bot.channel.permissions.PermissionsManagerTest" time="0.001">
<system-out><![CDATA[
unique-id: [engine:junit-jupiter]/[class:com.domhauton.wanbot.bot.channel.permissions.PermissionsManagerTest]/[method:addAndRetrieveMultipleUsersTest()]
display-name: addAndRetrieveMultipleUsersTest()
]]></system-out>
</testcase>
<testcase name="eachPermissionStoredCorrectlyTest()" classname="com.domhauton.wanbot.bot.channel.permissions.PermissionsManagerTest" time="0">
<system-out><![CDATA[
unique-id: [engine:junit-jupiter]/[class:com.domhauton.wanbot.bot.channel.permissions.PermissionsManagerTest]/[method:eachPermissionStoredCorrectlyTest()]
display-name: eachPermissionStoredCorrectlyTest()
]]></system-out>
</testcase>
<testcase name="checkRetrievalByValueTest()" classname="com.domhauton.wanbot.bot.channel.permissions.PermissionsManagerTest" time="0">
<system-out><![CDATA[
unique-id: [engine:junit-jupiter]/[class:com.domhauton.wanbot.bot.channel.permissions.PermissionsManagerTest]/[method:checkRetrievalByValueTest()]
display-name: checkRetrievalByValueTest()
]]></system-out>
</testcase>
<testcase name="retrievingEmptyUserTest()" classname="com.domhauton.wanbot.bot.channel.permissions.PermissionsManagerTest" time="0.001">
<system-out><![CDATA[
unique-id: [engine:junit-jupiter]/[class:com.domhauton.wanbot.bot.channel.permissions.PermissionsManagerTest]/[method:retrievingEmptyUserTest()]
display-name: retrievingEmptyUserTest()
]]></system-out>
</testcase>
<testcase name="matchesExactTest()" classname="com.domhauton.wanbot.bot.channel.blacklist.BlacklistTypeTest" time="0.001">
<system-out><![CDATA[
unique-id: [engine:junit-jupiter]/[class:com.domhauton.wanbot.bot.channel.blacklist.BlacklistTypeTest]/[method:matchesExactTest()]
display-name: matchesExactTest()
]]></system-out>
</testcase>
<testcase name="matchesContainsWordTest()" classname="com.domhauton.wanbot.bot.channel.blacklist.BlacklistTypeTest" time="0">
<system-out><![CDATA[
unique-id: [engine:junit-jupiter]/[class:com.domhauton.wanbot.bot.channel.blacklist.BlacklistTypeTest]/[method:matchesContainsWordTest()]
display-name: matchesContainsWordTest()
]]></system-out>
</testcase>
<testcase name="matchesAnyTest()" classname="com.domhauton.wanbot.bot.channel.blacklist.BlacklistTypeTest" time="0">
<system-out><![CDATA[
unique-id: [engine:junit-jupiter]/[class:com.domhauton.wanbot.bot.channel.blacklist.BlacklistTypeTest]/[method:matchesAnyTest()]
display-name: matchesAnyTest()
]]></system-out>
</testcase>
<testcase name="wordBlackListTypeConverterTestWithEscapes()" classname="com.domhauton.wanbot.bot.channel.blacklist.BlacklistTypeTest" time="0.002">
<system-out><![CDATA[
unique-id: [engine:junit-jupiter]/[class:com.domhauton.wanbot.bot.channel.blacklist.BlacklistTypeTest]/[method:wordBlackListTypeConverterTestWithEscapes()]
display-name: wordBlackListTypeConverterTestWithEscapes()
]]></system-out>
</testcase>
<testcase name="wordBlackListTypeConverterTest()" classname="com.domhauton.wanbot.bot.channel.blacklist.BlacklistTypeTest" time="0">
<system-out><![CDATA[
unique-id: [engine:junit-jupiter]/[class:com.domhauton.wanbot.bot.channel.blacklist.BlacklistTypeTest]/[method:wordBlackListTypeConverterTest()]
display-name: wordBlackListTypeConverterTest()
]]></system-out>
</testcase>
<testcase name="messageBlackListTypeConverterTestWithEscapes()" classname="com.domhauton.wanbot.bot.channel.blacklist.BlacklistTypeTest" time="0">
<system-out><![CDATA[
unique-id: [engine:junit-jupiter]/[class:com.domhauton.wanbot.bot.channel.blacklist.BlacklistTypeTest]/[method:messageBlackListTypeConverterTestWithEscapes()]
display-name: messageBlackListTypeConverterTestWithEscapes()
]]></system-out>
</testcase>
<testcase name="regexBlackListTypeConverterTest()" classname="com.domhauton.wanbot.bot.channel.blacklist.BlacklistTypeTest" time="0">
<system-out><![CDATA[
unique-id: [engine:junit-jupiter]/[class:com.domhauton.wanbot.bot.channel.blacklist.BlacklistTypeTest]/[method:regexBlackListTypeConverterTest()]
display-name: regexBlackListTypeConverterTest()
]]></system-out>
</testcase>
<testcase name="messageBlackListTypeConverterTest()" classname="com.domhauton.wanbot.bot.channel.blacklist.BlacklistTypeTest" time="0">
<system-out><![CDATA[
unique-id: [engine:junit-jupiter]/[class:com.domhauton.wanbot.bot.channel.blacklist.BlacklistTypeTest]/[method:messageBlackListTypeConverterTest()]
display-name: messageBlackListTypeConverterTest()
]]></system-out>
</testcase>
<testcase name="matchesExactTest()" classname="com.domhauton.wanbot.bot.channel.blacklist.BlacklistEntryTest" time="0">
<system-out><![CDATA[
unique-id: [engine:junit-jupiter]/[class:com.domhauton.wanbot.bot.channel.blacklist.BlacklistEntryTest]/[method:matchesExactTest()]
display-name: matchesExactTest()
]]></system-out>
</testcase>
<testcase name="matchesContainsWordTest()" classname="com.domhauton.wanbot.bot.channel.blacklist.BlacklistEntryTest" time="0">
<system-out><![CDATA[
unique-id: [engine:junit-jupiter]/[class:com.domhauton.wanbot.bot.channel.blacklist.BlacklistEntryTest]/[method:matchesContainsWordTest()]
display-name: matchesContainsWordTest()
]]></system-out>
</testcase>
<testcase name="matchesAnyTest()" classname="com.domhauton.wanbot.bot.channel.blacklist.BlacklistEntryTest" time="0">
<system-out><![CDATA[
unique-id: [engine:junit-jupiter]/[class:com.domhauton.wanbot.bot.channel.blacklist.BlacklistEntryTest]/[method:matchesAnyTest()]
display-name: matchesAnyTest()
]]></system-out>
</testcase>
<testcase name="removeMessageFromBlacklist()" classname="com.domhauton.wanbot.bot.channel.blacklist.BlacklistManagerTest" time="0.001">
<system-out><![CDATA[
unique-id: [engine:junit-jupiter]/[class:com.domhauton.wanbot.bot.channel.blacklist.BlacklistManagerTest]/[method:removeMessageFromBlacklist()]
display-name: removeMessageFromBlacklist()
]]></system-out>
</testcase>
<testcase name="removeFromBlacklistFuzzySearchTest()" classname="com.domhauton.wanbot.bot.channel.blacklist.BlacklistManagerTest" time="0.002">
<system-out><![CDATA[
unique-id: [engine:junit-jupiter]/[class:com.domhauton.wanbot.bot.channel.blacklist.BlacklistManagerTest]/[method:removeFromBlacklistFuzzySearchTest()]
display-name: removeFromBlacklistFuzzySearchTest()
]]></system-out>
</testcase>
<testcase name="removeFromBlacklistOnlyExactMatchTest()" classname="com.domhauton.wanbot.bot.channel.blacklist.BlacklistManagerTest" time="0.001">
<system-out><![CDATA[
unique-id: [engine:junit-jupiter]/[class:com.domhauton.wanbot.bot.channel.blacklist.BlacklistManagerTest]/[method:removeFromBlacklistOnlyExactMatchTest()]
display-name: removeFromBlacklistOnlyExactMatchTest()
]]></system-out>
</testcase>
<testcase name="searchForExistingBlacklistEntryAndRemoveTest()" classname="com.domhauton.wanbot.bot.channel.blacklist.BlacklistManagerTest" time="0">
<system-out><![CDATA[
unique-id: [engine:junit-jupiter]/[class:com.domhauton.wanbot.bot.channel.blacklist.BlacklistManagerTest]/[method:searchForExistingBlacklistEntryAndRemoveTest()]
display-name: searchForExistingBlacklistEntryAndRemoveTest()
]]></system-out>
</testcase>
<testcase name="addTwoMessagesToBlacklist()" classname="com.domhauton.wanbot.bot.channel.blacklist.BlacklistManagerTest" time="0">
<system-out><![CDATA[
unique-id: [engine:junit-jupiter]/[class:com.domhauton.wanbot.bot.channel.blacklist.BlacklistManagerTest]/[method:addTwoMessagesToBlacklist()]
display-name: addTwoMessagesToBlacklist()
]]></system-out>
</testcase>
<testcase name="removeFromBlacklistFuzzyNoneMatchTest()" classname="com.domhauton.wanbot.bot.channel.blacklist.BlacklistManagerTest" time="0">
<system-out><![CDATA[
unique-id: [engine:junit-jupiter]/[class:com.domhauton.wanbot.bot.channel.blacklist.BlacklistManagerTest]/[method:removeFromBlacklistFuzzyNoneMatchTest()]
display-name: removeFromBlacklistFuzzyNoneMatchTest()
]]></system-out>
</testcase>
<testcase name="messageOnlyBlacklistTest()" classname="com.domhauton.wanbot.bot.channel.blacklist.BlacklistManagerTest" time="0">
<system-out><![CDATA[
unique-id: [engine:junit-jupiter]/[class:com.domhauton.wanbot.bot.channel.blacklist.BlacklistManagerTest]/[method:messageOnlyBlacklistTest()]
display-name: messageOnlyBlacklistTest()
]]></system-out>
</testcase>
<testcase name="searchForExistingBlacklistEntriesTwoResultsTest()" classname="com.domhauton.wanbot.bot.channel.blacklist.BlacklistManagerTest" time="0.001">
<system-out><![CDATA[
unique-id: [engine:junit-jupiter]/[class:com.domhauton.wanbot.bot.channel.blacklist.BlacklistManagerTest]/[method:searchForExistingBlacklistEntriesTwoResultsTest()]
display-name: searchForExistingBlacklistEntriesTwoResultsTest()
]]></system-out>
</testcase>
<testcase name="searchForExistingBlacklistEntriesTest()" classname="com.domhauton.wanbot.bot.channel.blacklist.BlacklistManagerTest" time="0">
<system-out><![CDATA[
unique-id: [engine:junit-jupiter]/[class:com.domhauton.wanbot.bot.channel.blacklist.BlacklistManagerTest]/[method:searchForExistingBlacklistEntriesTest()]
display-name: searchForExistingBlacklistEntriesTest()
]]></system-out>
</testcase>
<testcase name="regexBlacklistTest()" classname="com.domhauton.wanbot.bot.channel.blacklist.BlacklistManagerTest" time="0.001">
<system-out><![CDATA[
unique-id: [engine:junit-jupiter]/[class:com.domhauton.wanbot.bot.channel.blacklist.BlacklistManagerTest]/[method:regexBlacklistTest()]
display-name: regexBlacklistTest()
]]></system-out>
</testcase>
<testcase name="removeMessageFromBlacklistDoesNotExistException()" classname="com.domhauton.wanbot.bot.channel.blacklist.BlacklistManagerTest" time="0">
<system-out><![CDATA[
unique-id: [engine:junit-jupiter]/[class:com.domhauton.wanbot.bot.channel.blacklist.BlacklistManagerTest]/[method:removeMessageFromBlacklistDoesNotExistException()]
display-name: removeMessageFromBlacklistDoesNotExistException()
]]></system-out>
</testcase>
<testcase name="removeFromBlacklistFuzzySimpleTest()" classname="com.domhauton.wanbot.bot.channel.blacklist.BlacklistManagerTest" time="0.003">
<system-out><![CDATA[
unique-id: [engine:junit-jupiter]/[class:com.domhauton.wanbot.bot.channel.blacklist.BlacklistManagerTest]/[method:removeFromBlacklistFuzzySimpleTest()]
display-name: removeFromBlacklistFuzzySimpleTest()
]]></system-out>
</testcase>
<testcase name="wordBlacklistTest()" classname="com.domhauton.wanbot.bot.channel.blacklist.BlacklistManagerTest" time="0">
<system-out><![CDATA[
unique-id: [engine:junit-jupiter]/[class:com.domhauton.wanbot.bot.channel.blacklist.BlacklistManagerTest]/[method:wordBlacklistTest()]
display-name: wordBlacklistTest()
]]></system-out>
</testcase>
<testcase name="searchForExistingBlacklistEntriesNoResultsTest()" classname="com.domhauton.wanbot.bot.channel.blacklist.BlacklistManagerTest" time="0">
<system-out><![CDATA[
unique-id: [engine:junit-jupiter]/[class:com.domhauton.wanbot.bot.channel.blacklist.BlacklistManagerTest]/[method:searchForExistingBlacklistEntriesNoResultsTest()]
display-name: searchForExistingBlacklistEntriesNoResultsTest()
]]></system-out>
</testcase>
<testcase name="addToBlacklistMessage()" classname="com.domhauton.wanbot.bot.channel.blacklist.BlacklistManagerTest" time="0">
<system-out><![CDATA[
unique-id: [engine:junit-jupiter]/[class:com.domhauton.wanbot.bot.channel.blacklist.BlacklistManagerTest]/[method:addToBlacklistMessage()]
display-name: addToBlacklistMessage()
]]></system-out>
</testcase>
<testcase name="blackListItemRemoveFail()" classname="com.domhauton.wanbot.bot.channel.ChannelManagerTest" time="0.001">
<system-out><![CDATA[
unique-id: [engine:junit-jupiter]/[class:com.domhauton.wanbot.bot.channel.ChannelManagerTest]/[method:blackListItemRemoveFail()]
display-name: blackListItemRemoveFail()
]]></system-out>
</testcase>
<testcase name="blackListRemoveItemTest()" classname="com.domhauton.wanbot.bot.channel.ChannelManagerTest" time="0.001">
<system-out><![CDATA[
unique-id: [engine:junit-jupiter]/[class:com.domhauton.wanbot.bot.channel.ChannelManagerTest]/[method:blackListRemoveItemTest()]
display-name: blackListRemoveItemTest()
]]></system-out>
</testcase>
<testcase name="getChannelSettingTest()" classname="com.domhauton.wanbot.bot.channel.ChannelManagerTest" time="0.001">
<system-out><![CDATA[
unique-id: [engine:junit-jupiter]/[class:com.domhauton.wanbot.bot.channel.ChannelManagerTest]/[method:getChannelSettingTest()]
display-name: getChannelSettingTest()
]]></system-out>
</testcase>
<testcase name="permissionSetAndGetTest()" classname="com.domhauton.wanbot.bot.channel.ChannelManagerTest" time="0.002">
<system-out><![CDATA[
unique-id: [engine:junit-jupiter]/[class:com.domhauton.wanbot.bot.channel.ChannelManagerTest]/[method:permissionSetAndGetTest()]
display-name: permissionSetAndGetTest()
]]></system-out>
</testcase>
<testcase name="messageManagerOverflowTest()" classname="com.domhauton.wanbot.bot.channel.ChannelManagerTest" time="0.017">
<system-out><![CDATA[
unique-id: [engine:junit-jupiter]/[class:com.domhauton.wanbot.bot.channel.ChannelManagerTest]/[method:messageManagerOverflowTest()]
display-name: messageManagerOverflowTest()
]]></system-out>
</testcase>
<testcase name="blackListItemAddTwiceTest()" classname="com.domhauton.wanbot.bot.channel.ChannelManagerTest" time="0.002">
<system-out><![CDATA[
unique-id: [engine:junit-jupiter]/[class:com.domhauton.wanbot.bot.channel.ChannelManagerTest]/[method:blackListItemAddTwiceTest()]
display-name: blackListItemAddTwiceTest()
]]></system-out>
</testcase>
<testcase name="permissionSimpleTest()" classname="com.domhauton.wanbot.bot.channel.ChannelManagerTest" time="0">
<system-out><![CDATA[
unique-id: [engine:junit-jupiter]/[class:com.domhauton.wanbot.bot.channel.ChannelManagerTest]/[method:permissionSimpleTest()]
display-name: permissionSimpleTest()
]]></system-out>
</testcase>
<testcase name="blackListItemSimpleTest()" classname="com.domhauton.wanbot.bot.channel.ChannelManagerTest" time="0.001">
<system-out><![CDATA[
unique-id: [engine:junit-jupiter]/[class:com.domhauton.wanbot.bot.channel.ChannelManagerTest]/[method:blackListItemSimpleTest()]
display-name: blackListItemSimpleTest()
]]></system-out>
</testcase>
<testcase name="failMessageInsertTest()" classname="com.domhauton.wanbot.bot.channel.ChannelManagerTest" time="0.273">
<system-out><![CDATA[
unique-id: [engine:junit-jupiter]/[class:com.domhauton.wanbot.bot.channel.ChannelManagerTest]/[method:failMessageInsertTest()]
display-name: failMessageInsertTest()
]]></system-out>
</testcase>
<testcase name="messageManagerSimpleTest()" classname="com.domhauton.wanbot.bot.channel.ChannelManagerTest" time="0">
<system-out><![CDATA[
unique-id: [engine:junit-jupiter]/[class:com.domhauton.wanbot.bot.channel.ChannelManagerTest]/[method:messageManagerSimpleTest()]
display-name: messageManagerSimpleTest()
]]></system-out>
</testcase>
<testcase name="customiseURLFailTest()" classname="com.domhauton.wanbot.bot.channel.ChannelManagerTest" time="0.017">
<system-out><![CDATA[
unique-id: [engine:junit-jupiter]/[class:com.domhauton.wanbot.bot.channel.ChannelManagerTest]/[method:customiseURLFailTest()]
display-name: customiseURLFailTest()
]]></system-out>
</testcase>
<testcase name="blackListItemRetroactiveTest()" classname="com.domhauton.wanbot.bot.channel.ChannelManagerTest" time="0.001">
<system-out><![CDATA[
unique-id: [engine:junit-jupiter]/[class:com.domhauton.wanbot.bot.channel.ChannelManagerTest]/[method:blackListItemRetroactiveTest()]
display-name: blackListItemRetroactiveTest()
]]></system-out>
</testcase>
<testcase name="userTimeoutSimpleTest()" classname="com.domhauton.wanbot.bot.channel.ChannelManagerTest" time="0">
<system-out><![CDATA[
unique-id: [engine:junit-jupiter]/[class:com.domhauton.wanbot.bot.channel.ChannelManagerTest]/[method:userTimeoutSimpleTest()]
display-name: userTimeoutSimpleTest()
]]></system-out>
</testcase>
<testcase name="permissionGetWithoutSetFail()" classname="com.domhauton.wanbot.bot.channel.ChannelManagerTest" time="0.031">
<system-out><![CDATA[
unique-id: [engine:junit-jupiter]/[class:com.domhauton.wanbot.bot.channel.ChannelManagerTest]/[method:permissionGetWithoutSetFail()]
display-name: permissionGetWithoutSetFail()
]]></system-out>
</testcase>
<testcase name="permissionGetWithoutSetTest()" classname="com.domhauton.wanbot.bot.channel.ChannelManagerTest" time="0.001">
<system-out><![CDATA[
unique-id: [engine:junit-jupiter]/[class:com.domhauton.wanbot.bot.channel.ChannelManagerTest]/[method:permissionGetWithoutSetTest()]
display-name: permissionGetWithoutSetTest()
]]></system-out>
</testcase>
<testcase name="getChannelNameTest()" classname="com.domhauton.wanbot.bot.channel.ChannelManagerTest" time="0">
<system-out><![CDATA[
unique-id: [engine:junit-jupiter]/[class:com.domhauton.wanbot.bot.channel.ChannelManagerTest]/[method:getChannelNameTest()]
display-name: getChannelNameTest()
]]></system-out>
</testcase>
<testcase name="customiseURLTest()" classname="com.domhauton.wanbot.bot.channel.ChannelManagerTest" time="0.001">
<system-out><![CDATA[
unique-id: [engine:junit-jupiter]/[class:com.domhauton.wanbot.bot.channel.ChannelManagerTest]/[method:customiseURLTest()]
display-name: customiseURLTest()
]]></system-out>
</testcase>
<testcase name="timeoutMultiplierTest()" classname="com.domhauton.wanbot.bot.channel.timeouts.TimeoutManagerTest" time="0">
<system-out><![CDATA[
unique-id: [engine:junit-jupiter]/[class:com.domhauton.wanbot.bot.channel.timeouts.TimeoutManagerTest]/[method:timeoutMultiplierTest()]
display-name: timeoutMultiplierTest()
]]></system-out>
</testcase>
<testcase name="simpleAddTimeTest()" classname="com.domhauton.wanbot.bot.channel.timeouts.TimeoutManagerTest" time="0">
<system-out><![CDATA[
unique-id: [engine:junit-jupiter]/[class:com.domhauton.wanbot.bot.channel.timeouts.TimeoutManagerTest]/[method:simpleAddTimeTest()]
display-name: simpleAddTimeTest()
]]></system-out>
</testcase>
<testcase name="timeoutMessageTest()" classname="com.domhauton.wanbot.bot.channel.timeouts.TimeoutManagerTest" time="0.001">
<system-out><![CDATA[
unique-id: [engine:junit-jupiter]/[class:com.domhauton.wanbot.bot.channel.timeouts.TimeoutManagerTest]/[method:timeoutMessageTest()]
display-name: timeoutMessageTest()
]]></system-out>
</testcase>
<testcase name="retrieveBeforeInsertTest()" classname="com.domhauton.wanbot.bot.channel.settings.IChannelSettingDAOHashMapImplTest" time="0.001">
<system-out><![CDATA[
unique-id: [engine:junit-jupiter]/[class:com.domhauton.wanbot.bot.channel.settings.IChannelSettingDAOHashMapImplTest]/[method:retrieveBeforeInsertTest()]
display-name: retrieveBeforeInsertTest()
]]></system-out>
</testcase>
<testcase name="simpleInsertRetrieveDoubleTest()" classname="com.domhauton.wanbot.bot.channel.settings.IChannelSettingDAOHashMapImplTest" time="0">
<system-out><![CDATA[
unique-id: [engine:junit-jupiter]/[class:com.domhauton.wanbot.bot.channel.settings.IChannelSettingDAOHashMapImplTest]/[method:simpleInsertRetrieveDoubleTest()]
display-name: simpleInsertRetrieveDoubleTest()
]]></system-out>
</testcase>
<testcase name="repeatedInsertRetrieveIntegerTest()" classname="com.domhauton.wanbot.bot.channel.settings.IChannelSettingDAOHashMapImplTest" time="0.001">
<system-out><![CDATA[
unique-id: [engine:junit-jupiter]/[class:com.domhauton.wanbot.bot.channel.settings.IChannelSettingDAOHashMapImplTest]/[method:repeatedInsertRetrieveIntegerTest()]
display-name: repeatedInsertRetrieveIntegerTest()
]]></system-out>
</testcase>
<testcase name="repeatedInsertRetrieveDoubleTest()" classname="com.domhauton.wanbot.bot.channel.settings.IChannelSettingDAOHashMapImplTest" time="0">
<system-out><![CDATA[
unique-id: [engine:junit-jupiter]/[class:com.domhauton.wanbot.bot.channel.settings.IChannelSettingDAOHashMapImplTest]/[method:repeatedInsertRetrieveDoubleTest()]
display-name: repeatedInsertRetrieveDoubleTest()
]]></system-out>
</testcase>
<testcase name="simpleInsertRetrieveStringTest()" classname="com.domhauton.wanbot.bot.channel.settings.IChannelSettingDAOHashMapImplTest" time="0">
<system-out><![CDATA[
unique-id: [engine:junit-jupiter]/[class:com.domhauton.wanbot.bot.channel.settings.IChannelSettingDAOHashMapImplTest]/[method:simpleInsertRetrieveStringTest()]
display-name: simpleInsertRetrieveStringTest()
]]></system-out>
</testcase>
<testcase name="simpleInsertRetrieveIntegerTest()" classname="com.domhauton.wanbot.bot.channel.settings.IChannelSettingDAOHashMapImplTest" time="0">
<system-out><![CDATA[
unique-id: [engine:junit-jupiter]/[class:com.domhauton.wanbot.bot.channel.settings.IChannelSettingDAOHashMapImplTest]/[method:simpleInsertRetrieveIntegerTest()]
display-name: simpleInsertRetrieveIntegerTest()
]]></system-out>
</testcase>
<testcase name="ensureDoubleDefaultMatchGetOrDefaultTest()" classname="com.domhauton.wanbot.bot.channel.settings.IChannelSettingDAOHashMapImplTest" time="0.001">
<system-out><![CDATA[
unique-id: [engine:junit-jupiter]/[class:com.domhauton.wanbot.bot.channel.settings.IChannelSettingDAOHashMapImplTest]/[method:ensureDoubleDefaultMatchGetOrDefaultTest()]
display-name: ensureDoubleDefaultMatchGetOrDefaultTest()
]]></system-out>
</testcase>
<testcase name="castErrorWrongObjectTest()" classname="com.domhauton.wanbot.bot.channel.settings.IChannelSettingDAOHashMapImplTest" time="0">
<system-out><![CDATA[
unique-id: [engine:junit-jupiter]/[class:com.domhauton.wanbot.bot.channel.settings.IChannelSettingDAOHashMapImplTest]/[method:castErrorWrongObjectTest()]
display-name: castErrorWrongObjectTest()
]]></system-out>
</testcase>
<testcase name="periodToStringTestEmpty()" classname="com.domhauton.wanbot.bot.util.DateTimeUtilTest" time="0">
<system-out><![CDATA[
unique-id: [engine:junit-jupiter]/[class:com.domhauton.wanbot.bot.util.DateTimeUtilTest]/[method:periodToStringTestEmpty()]
display-name: periodToStringTestEmpty()
]]></system-out>
</testcase>
<testcase name="periodToStringTestHour1()" classname="com.domhauton.wanbot.bot.util.DateTimeUtilTest" time="0.002">
<system-out><![CDATA[
unique-id: [engine:junit-jupiter]/[class:com.domhauton.wanbot.bot.util.DateTimeUtilTest]/[method:periodToStringTestHour1()]
display-name: periodToStringTestHour1()
]]></system-out>
</testcase>
<testcase name="periodToStringTestHour2()" classname="com.domhauton.wanbot.bot.util.DateTimeUtilTest" time="0">
<system-out><![CDATA[
unique-id: [engine:junit-jupiter]/[class:com.domhauton.wanbot.bot.util.DateTimeUtilTest]/[method:periodToStringTestHour2()]
display-name: periodToStringTestHour2()
]]></system-out>
</testcase>
<testcase name="periodToStringTestDay1()" classname="com.domhauton.wanbot.bot.util.DateTimeUtilTest" time="0">
<system-out><![CDATA[
unique-id: [engine:junit-jupiter]/[class:com.domhauton.wanbot.bot.util.DateTimeUtilTest]/[method:periodToStringTestDay1()]
display-name: periodToStringTestDay1()
]]></system-out>
</testcase>
<testcase name="periodToStringTestDay2()" classname="com.domhauton.wanbot.bot.util.DateTimeUtilTest" time="0">
<system-out><![CDATA[
unique-id: [engine:junit-jupiter]/[class:com.domhauton.wanbot.bot.util.DateTimeUtilTest]/[method:periodToStringTestDay2()]
display-name: periodToStringTestDay2()
]]></system-out>
</testcase>
<testcase name="periodToStringTestDay3()" classname="com.domhauton.wanbot.bot.util.DateTimeUtilTest" time="0">
<system-out><![CDATA[
unique-id: [engine:junit-jupiter]/[class:com.domhauton.wanbot.bot.util.DateTimeUtilTest]/[method:periodToStringTestDay3()]
display-name: periodToStringTestDay3()
]]></system-out>
</testcase>
<testcase name="periodToStringTestDay4()" classname="com.domhauton.wanbot.bot.util.DateTimeUtilTest" time="0">
<system-out><![CDATA[
unique-id: [engine:junit-jupiter]/[class:com.domhauton.wanbot.bot.util.DateTimeUtilTest]/[method:periodToStringTestDay4()]
display-name: periodToStringTestDay4()
]]></system-out>
</testcase>
<testcase name="periodToStringTestMin1()" classname="com.domhauton.wanbot.bot.util.DateTimeUtilTest" time="0">
<system-out><![CDATA[
unique-id: [engine:junit-jupiter]/[class:com.domhauton.wanbot.bot.util.DateTimeUtilTest]/[method:periodToStringTestMin1()]
display-name: periodToStringTestMin1()
]]></system-out>
</testcase>
<testcase name="periodToStringTestMin2()" classname="com.domhauton.wanbot.bot.util.DateTimeUtilTest" time="0">
<system-out><![CDATA[
unique-id: [engine:junit-jupiter]/[class:com.domhauton.wanbot.bot.util.DateTimeUtilTest]/[method:periodToStringTestMin2()]
display-name: periodToStringTestMin2()
]]></system-out>
</testcase>
<testcase name="periodToStringTestLow()" classname="com.domhauton.wanbot.bot.util.DateTimeUtilTest" time="0">
<system-out><![CDATA[
unique-id: [engine:junit-jupiter]/[class:com.domhauton.wanbot.bot.util.DateTimeUtilTest]/[method:periodToStringTestLow()]
display-name: periodToStringTestLow()
]]></system-out>
</testcase>
<testcase name="testEventRateMultiThread()" classname="com.domhauton.wanbot.chat.sender.AsyncEventBufferTest" time="2.003">
<system-out><![CDATA[
unique-id: [engine:junit-jupiter]/[class:com.domhauton.wanbot.chat.sender.AsyncEventBufferTest]/[method:testEventRateMultiThread()]
display-name: testEventRateMultiThread()
]]></system-out>
</testcase>
<testcase name="testEventRate()" classname="com.domhauton.wanbot.chat.sender.AsyncEventBufferTest" time="2.003">
<system-out><![CDATA[
unique-id: [engine:junit-jupiter]/[class:com.domhauton.wanbot.chat.sender.AsyncEventBufferTest]/[method:testEventRate()]
display-name: testEventRate()
]]></system-out>
</testcase>
<system-out><![CDATA[
unique-id: [engine:junit-jupiter]
display-name: JUnit Jupiter
]]></system-out>
</testsuite>
